# JRE version: OpenJDK Runtime Environment Corretto-17.0.4.8.1 (17.0.4+8) (build 17.0.4+8-LTS)
# Java VM: OpenJDK 64-Bit Server VM Corretto-17.0.4.8.1 (17.0.4+8-LTS, mixed mode, emulated-client, sharing, tiered, compressed oops, compressed class ptrs, g1 gc, windows-amd64)
GC Precious Log:
 CPUs: 4 total, 4 available
 Memory: 8025M
 Large Page Support: Disabled
 NUMA Support: Disabled
 Compressed Oops: Enabled (32-bit)
 Heap Region Size: 1M
 Heap Min Capacity: 8M
 Heap Initial Capacity: 126M
 Heap Max Capacity: 2008M
 Pre-touch: Disabled
 Parallel Workers: 4
 Concurrent Workers: 1
 Concurrent Refinement Workers: 4
 Periodic GC: Disabled
Heap:
 garbage-first heap   total 99328K, used 55547K [0x0000000082800000, 0x0000000100000000)
  region size 1024K, 2 young (2048K), 2 survivors (2048K)
 Metaspace       used 61845K, committed 62336K, reserved 1105920K
  class space    used 8664K, committed 8896K, reserved 1048576K
GC Heap History (20 events):
Event: 4.601 GC heap after
{Heap after GC invocations=8 (full 0):
 garbage-first heap   total 68608K, used 19788K [0x0000000082800000, 0x0000000100000000)
  region size 1024K, 1 young (1024K), 1 survivors (1024K)
 Metaspace       used 24633K, committed 24960K, reserved 1073152K
  class space    used 3407K, committed 3520K, reserved 1048576K
}
Event: 5.345 GC heap before
{Heap before GC invocations=8 (full 0):
 garbage-first heap   total 68608K, used 49484K [0x0000000082800000, 0x0000000100000000)
  region size 1024K, 30 young (30720K), 1 survivors (1024K)
 Metaspace       used 27624K, committed 28032K, reserved 1081344K
  class space    used 3896K, committed 4096K, reserved 1048576K
}
Event: 5.353 GC heap after
{Heap after GC invocations=9 (full 0):
 garbage-first heap   total 68608K, used 21771K [0x0000000082800000, 0x0000000100000000)
  region size 1024K, 3 young (3072K), 3 survivors (3072K)
 Metaspace       used 27624K, committed 28032K, reserved 1081344K
  class space    used 3896K, committed 4096K, reserved 1048576K
}
Event: 5.829 GC heap before
{Heap before GC invocations=9 (full 0):
 garbage-first heap   total 68608K, used 52491K [0x0000000082800000, 0x0000000100000000)
  region size 1024K, 31 young (31744K), 3 survivors (3072K)
 Metaspace       used 30516K, committed 30912K, reserved 1081344K
  class space    used 4253K, committed 4416K, reserved 1048576K
}
Event: 5.841 GC heap after
{Heap after GC invocations=10 (full 0):
 garbage-first heap   total 137216K, used 23968K [0x0000000082800000, 0x0000000100000000)
  region size 1024K, 3 young (3072K), 3 survivors (3072K)
 Metaspace       used 30516K, committed 30912K, reserved 1081344K
  class space    used 4253K, committed 4416K, reserved 1048576K
}
Event: 6.697 GC heap before
{Heap before GC invocations=10 (full 0):
 garbage-first heap   total 137216K, used 53664K [0x0000000082800000, 0x0000000100000000)
  region size 1024K, 33 young (33792K), 3 survivors (3072K)
 Metaspace       used 35753K, committed 36096K, reserved 1081344K
  class space    used 4945K, committed 5120K, reserved 1048576K
}
Event: 6.702 GC heap after
{Heap after GC invocations=11 (full 0):
 garbage-first heap   total 137216K, used 25309K [0x0000000082800000, 0x0000000100000000)
  region size 1024K, 4 young (4096K), 4 survivors (4096K)
 Metaspace       used 35753K, committed 36096K, reserved 1081344K
  class space    used 4945K, committed 5120K, reserved 1048576K
}
Event: 8.217 GC heap before
{Heap before GC invocations=12 (full 0):
 garbage-first heap   total 99328K, used 80605K [0x0000000082800000, 0x0000000100000000)
  region size 1024K, 58 young (59392K), 4 survivors (4096K)
 Metaspace       used 44041K, committed 44480K, reserved 1089536K
  class space    used 5972K, committed 6208K, reserved 1048576K
}
Event: 8.225 GC heap after
{Heap after GC invocations=13 (full 0):
 garbage-first heap   total 99328K, used 29623K [0x0000000082800000, 0x0000000100000000)
  region size 1024K, 8 young (8192K), 8 survivors (8192K)
 Metaspace       used 44041K, committed 44480K, reserved 1089536K
  class space    used 5972K, committed 6208K, reserved 1048576K
}
Event: 9.428 GC heap before
{Heap before GC invocations=14 (full 0):
 garbage-first heap   total 99328K, used 76727K [0x0000000082800000, 0x0000000100000000)
  region size 1024K, 54 young (55296K), 8 survivors (8192K)
 Metaspace       used 52195K, committed 52672K, reserved 1097728K
  class space    used 7236K, committed 7488K, reserved 1048576K
}
Event: 9.439 GC heap after
{Heap after GC invocations=15 (full 0):
 garbage-first heap   total 99328K, used 31726K [0x0000000082800000, 0x0000000100000000)
  region size 1024K, 3 young (3072K), 3 survivors (3072K)
 Metaspace       used 52195K, committed 52672K, reserved 1097728K
  class space    used 7236K, committed 7488K, reserved 1048576K
}
Event: 10.332 GC heap before
{Heap before GC invocations=15 (full 0):
 garbage-first heap   total 99328K, used 76782K [0x0000000082800000, 0x0000000100000000)
  region size 1024K, 47 young (48128K), 3 survivors (3072K)
 Metaspace       used 57565K, committed 58048K, reserved 1105920K
  class space    used 8110K, committed 8320K, reserved 1048576K
}
Event: 10.340 GC heap after
{Heap after GC invocations=16 (full 0):
 garbage-first heap   total 99328K, used 33608K [0x0000000082800000, 0x0000000100000000)
  region size 1024K, 5 young (5120K), 5 survivors (5120K)
 Metaspace       used 57565K, committed 58048K, reserved 1105920K
  class space    used 8110K, committed 8320K, reserved 1048576K
}
Event: 11.009 GC heap before
{Heap before GC invocations=16 (full 0):
 garbage-first heap   total 99328K, used 77640K [0x0000000082800000, 0x0000000100000000)
  region size 1024K, 48 young (49152K), 5 survivors (5120K)
 Metaspace       used 60298K, committed 60736K, reserved 1105920K
  class space    used 8481K, committed 8704K, reserved 1048576K
}
Event: 11.018 GC heap after
{Heap after GC invocations=17 (full 0):
 garbage-first heap   total 99328K, used 36471K [0x0000000082800000, 0x0000000100000000)
  region size 1024K, 5 young (5120K), 5 survivors (5120K)
 Metaspace       used 60298K, committed 60736K, reserved 1105920K
  class space    used 8481K, committed 8704K, reserved 1048576K
}
Event: 11.494 GC heap before
{Heap before GC invocations=17 (full 0):
 garbage-first heap   total 99328K, used 80503K [0x0000000082800000, 0x0000000100000000)
  region size 1024K, 47 young (48128K), 5 survivors (5120K)
 Metaspace       used 61745K, committed 62272K, reserved 1105920K
  class space    used 8650K, committed 8896K, reserved 1048576K
}
Event: 11.505 GC heap after
{Heap after GC invocations=18 (full 0):
 garbage-first heap   total 99328K, used 44905K [0x0000000082800000, 0x0000000100000000)
  region size 1024K, 6 young (6144K), 6 survivors (6144K)
 Metaspace       used 61745K, committed 62272K, reserved 1105920K
  class space    used 8650K, committed 8896K, reserved 1048576K
}
Event: 11.824 GC heap before
{Heap before GC invocations=18 (full 0):
 garbage-first heap   total 99328K, used 75625K [0x0000000082800000, 0x0000000100000000)
  region size 1024K, 37 young (37888K), 6 survivors (6144K)
 Metaspace       used 61845K, committed 62336K, reserved 1105920K
  class space    used 8664K, committed 8896K, reserved 1048576K
}
Event: 11.839 GC heap after
{Heap after GC invocations=19 (full 0):
 garbage-first heap   total 99328K, used 53684K [0x0000000082800000, 0x0000000100000000)
  region size 1024K, 5 young (5120K), 5 survivors (5120K)
 Metaspace       used 61845K, committed 62336K, reserved 1105920K
  class space    used 8664K, committed 8896K, reserved 1048576K
}
Event: 11.855 GC heap before
{Heap before GC invocations=19 (full 0):
 garbage-first heap   total 99328K, used 57780K [0x0000000082800000, 0x0000000100000000)
  region size 1024K, 10 young (10240K), 5 survivors (5120K)
 Metaspace       used 61845K, committed 62336K, reserved 1105920K
  class space    used 8664K, committed 8896K, reserved 1048576K
}

